Дата: 2020.03.17, Время: 00:05 am
Запрос: 
    INSERT INTO `users` SET
    `login` = '<b',
    `password` = ''',
    `about` = '>ha</b>'

Файл: W:\domains\praktika.ua\modules\static\main.php
Строка: 22
Ошибка: You have an error in your SQL syntax; check the manual that corresponds to your MySQL server version for the right syntax to use near '/b>'' at line 4

Дата: 2020.03.18, Время: 16:32 pm
Запрос: 
    INSERT INTO `users` SET
    `login` = '<b',
    `password` = ''',
    `about` = '>ha</b>'

Файл: W:\domains\praktika.ua\modules\static\main.php
Строка: 22
Ошибка: You have an error in your SQL syntax; check the manual that corresponds to your MySQL server version for the right syntax to use near '/b>'' at line 4

Дата: 2020.03.25, Время: 21:14 pm
Запрос: 
			INSERT INTO `users` SET 
			`login`	= 'Alf Alien',
			`pass`	= '130v93ncds,m385vmo',
			`email`	= 'alf@alien.un',
			`age`	= '99',
		
Файл: W:\domains\praktika.ua\modules\cab\registration.php
Строка: 26
Ошибка: You have an error in your SQL syntax; check the manual that corresponds to your MySQL server version for the right syntax to use near '' at line 5

Дата: 	 2020.03.26, Время: 16:41 pm
Запрос: 
			INSERT INTO `users` SET 
			`login`	= 'Sara',
			`pass`	= 'iDplhTxdZYYGE',
			`email`	= 'connor@trm.us',
			`age`	= '37',
			`hash`	= 'iDNzixZGZ9lng'
		
Файл:	 W:\domains\praktika.ua\modules\cab\registration.php
Строка: 27
Ошибка: Field 'active' doesn't have a default value

Дата: 	 2020.03.30, Время: 14:35 pm
Запрос: 
						UPDATE `users` SET
						`hash`		= 'iDgpdedi5KLeE'
						`ip`		= '127.0.0.1'
						`useragent`	= 'Mozilla/5.0 (Windows NT 10.0; Win64; x64) AppleWebKit/537.36 (KHTML, like Gecko) Chrome/80.0.3987.149 Safari/537.36'
						WHERE id	= '43'
					
Файл:	 W:\domains\praktika.ua\modules\cab\auth.php
Строка: 30
Ошибка: You have an error in your SQL syntax; check the manual that corresponds to your MySQL server version for the right syntax to use near '`ip`		= '127.0.0.1'
						`useragent`	= 'Mozilla/5.0 (Windows NT 10.0; Win64; x' at line 3

Дата: 	 2020.04.06, Время: 15:52 pm
Запрос: 
		DELETE FROM `reviews`
		WHERE `id` IN ()	
	
Файл:	 W:\domains\praktika.ua\modules\reviews\main.php
Строка: 25
Ошибка: You have an error in your SQL syntax; check the manual that corresponds to your MySQL server version for the right syntax to use near ')' at line 2

Дата: 	 2020.04.07, Время: 21:14 pm
Запрос: 
			UPDATE `reviews` SET
			`text` 		= 'nvawrvnoi4jf0q34f93q4if93q4ri349r',
			WHERE `id` 	= 88
	
Файл:	 W:\domains\praktika.ua\modules\admin\reviews\edit.php
Строка: 7
Ошибка: You have an error in your SQL syntax; check the manual that corresponds to your MySQL server version for the right syntax to use near 'WHERE `id` 	= 88' at line 3

Дата: 	 2020.04.09, Время: 13:34 pm
Запрос: 
			UPDATE `users` SET
			`login`		= 'Alfucker',
			`pass`		= 'iDaOdS.1R5rFg',
			`email`		= 'alf@alien.un',
			`age`		= 99,
			`active`	= 1,
			`hash`		= 'iD7X2UzNWvJrM',
			`access`	= 0,
			`ip`		= 127.0.0.1,
			`useragent`	= Mozilla/5.0 (Windows NT 10.0; Win64; x64) AppleWebKit/537.36 (KHTML, like Gecko) Chrome/80.0.3987.149 Safari/537.36
			WHERE `id`  = 45
	
Файл:	 W:\domains\praktika.ua\modules\admin\users\edit.php
Строка: 15
Ошибка: You have an error in your SQL syntax; check the manual that corresponds to your MySQL server version for the right syntax to use near '.0.1,
			`useragent`	= Mozilla/5.0 (Windows NT 10.0; Win64; x64) AppleWebKit/53' at line 9

Дата: 	 2020.04.21, Время: 13:35 pm
Запрос: 
		DELETE FROM `users`
		WHERE `id` IN ()	
	
Файл:	 W:\domains\praktika.ua\modules\admin\users\main.php
Строка: 15
Ошибка: You have an error in your SQL syntax; check the manual that corresponds to your MariaDB server version for the right syntax to use near ')' at line 2

Дата: 	 2020.04.28, Время: 18:43 pm
Запрос: 
			UPDATE `products` SET
			`category` 	   = 'Телевизоры',
			`code`		   = 248111,
			`availability` = 1,
			`name` 		   = '<b>Super TV</b>',
			`description`  = '<b>Proverka</b><br><s>Zhuck</s><hr><em>Lemon</em>',
			`price`        = 8080.01
			WHERE `id` 	   = 1
	
Файл:	 W:\domains\praktika.ua\modules\admin\products\edit.php
Строка: 12
Ошибка: Data truncated for column 'category' at row 1

Дата: 	 2020.05.01, Время: 15:47 pm
Запрос: 
		UPDATE `users` SET
		`active`   = 1
		`lastactivitydate`	= '2020-05-01 15:47:39'
		WHERE `id` = 28
		AND `hash` = 'iDTMqUfY9up12'
	
Файл:	 W:\domains\praktika.ua\modules\cab\activate.php
Строка: 9
Ошибка: You have an error in your SQL syntax; check the manual that corresponds to your MariaDB server version for the right syntax to use near '`lastactivitydate`	= '2020-05-01 15:47:39'
		WHERE `id` = 28
		AND `hash` = 'i' at line 3

Дата: 	 2020.05.06, Время: 14:33 pm
Запрос: 
			UPDATE `users` SET
			`login`		= 'Alf',
			`email`		= 'jla@per.xx',
			`sex`		= 'Женский',
			`age`		= 18,
			`active`	= 1,
			`access`	= 0
			WHERE `id`  = 25
		
Файл:	 W:\domains\praktika.ua\modules\admin\users\edit.php
Строка: 28
Ошибка: Duplicate entry 'Alf' for key 'ixLogin'

Дата: 	 2020.05.12, Время: 16:13 pm
Запрос: 
		`img`		   = '/uploaded/20200512-161330img15693.jpg'
		WHERE `id` 	   = 16
	
Файл:	 W:\domains\praktika.ua\modules\admin\products\edit.php
Строка: 5
Ошибка: You have an error in your SQL syntax; check the manual that corresponds to your MariaDB server version for the right syntax to use near '`img`		   = '/uploaded/20200512-161330img15693.jpg'
		WHERE `id` 	   = 16' at line 1

Дата: 	 2020.05.12, Время: 19:47 pm
Запрос: 
			UPDATE `products` SET
			`category` 	   = 'Холодильники',
			`code`		   = 341787,
			`availability` = 0,
			`name` 		   = 'NeoCold-3010',
			`description`  = 'MAsk j209 kMk mL, \'',
			`price`        = 12314.2
			`img`		   = '/uploaded/20200512-194759img35593.jpg'
			WHERE `id` 	   = 5
	
Файл:	 W:\domains\praktika.ua\modules\admin\products\edit.php
Строка: 14
Ошибка: You have an error in your SQL syntax; check the manual that corresponds to your MariaDB server version for the right syntax to use near '`img`		   = '/uploaded/20200512-194759img35593.jpg'
			WHERE `id` 	   = 5' at line 8

